{
"contracts/interfaces/IERC1155Receiver.sol":{"l":{},"path":"/Users/sergeyvagapov/Solidity/TestSale/contracts/interfaces/IERC1155Receiver.sol","s":{},"b":{},"f":{},"fnMap":{},"statementMap":{},"branchMap":{}},
"contracts/interfaces/RoyaltiesV1.sol":{"l":{},"path":"/Users/sergeyvagapov/Solidity/TestSale/contracts/interfaces/RoyaltiesV1.sol","s":{},"b":{},"f":{},"fnMap":{},"statementMap":{},"branchMap":{}},
"contracts/mocks/MockERC1155.sol":{"l":{"8":3},"path":"/Users/sergeyvagapov/Solidity/TestSale/contracts/mocks/MockERC1155.sol","s":{"1":3},"b":{},"f":{"1":3},"fnMap":{"1":{"name":"constructor","line":7,"loc":{"start":{"line":7,"column":4},"end":{"line":9,"column":4}}}},"statementMap":{"1":{"start":{"line":8,"column":8},"end":{"line":8,"column":56}}},"branchMap":{}},
"contracts/TestSale.sol":{"l":{"27":3,"31":0,"32":0,"33":0,"36":0,"37":0,"38":0,"42":1,"43":1,"44":1,"45":1,"46":1,"51":2,"57":1,"60":1,"61":1,"62":1,"63":1,"64":1,"65":1,"66":1,"67":1,"68":1,"69":1,"70":1,"71":1,"72":1,"73":3,"74":3,"75":3,"76":3,"80":1,"81":1,"84":0,"85":0,"86":0,"87":0,"88":0,"89":0,"90":0,"91":0,"92":0,"93":0,"95":0,"96":0,"97":0,"101":0,"102":0,"103":0,"107":0,"108":0,"118":3,"122":1,"125":1,"126":1,"130":2,"131":2,"134":0,"135":0,"136":0},"path":"/Users/sergeyvagapov/Solidity/TestSale/contracts/TestSale.sol","s":{"1":3,"2":0,"3":0,"4":0,"5":0,"6":0,"7":0,"8":0,"9":0,"10":1,"11":1,"12":1,"13":1,"14":1,"15":2,"16":1,"17":1,"18":1,"19":1,"20":1,"21":1,"22":1,"23":1,"24":1,"25":1,"26":1,"27":1,"28":1,"29":1,"30":1,"31":3,"32":3,"33":3,"34":3,"35":1,"36":1,"37":0,"38":0,"39":0,"40":0,"41":0,"42":0,"43":0,"44":0,"45":0,"46":0,"47":0,"48":0,"49":0,"50":0,"51":0,"52":0,"53":0,"54":0,"55":0,"56":3,"57":1,"58":1,"59":1,"60":2},"b":{"1":[0,0],"2":[0,0],"3":[1,0],"4":[1,0],"5":[1,1],"6":[1,0],"7":[1,0],"8":[1,0],"9":[1,0],"10":[3,0],"11":[1,0],"12":[0,0],"13":[0,0],"14":[0,0],"15":[0,0],"16":[0,0],"17":[0,0],"18":[1,0],"19":[2,0],"20":[0,0]},"f":{"1":3,"2":0,"3":0,"4":1,"5":2,"6":1,"7":0,"8":0,"9":0,"10":3,"11":1,"12":2},"fnMap":{"1":{"name":"constructor","line":26,"loc":{"start":{"line":26,"column":4},"end":{"line":28,"column":4}}},"2":{"name":"getFeeRecipients","line":30,"loc":{"start":{"line":30,"column":4},"end":{"line":34,"column":4}}},"3":{"name":"getFeeBps","line":35,"loc":{"start":{"line":35,"column":4},"end":{"line":39,"column":4}}},"4":{"name":"setItemPrice","line":41,"loc":{"start":{"line":41,"column":4},"end":{"line":48,"column":4}}},"5":{"name":"isActive","line":50,"loc":{"start":{"line":50,"column":4},"end":{"line":58,"column":4}}},"6":{"name":"startSale","line":59,"loc":{"start":{"line":59,"column":4},"end":{"line":82,"column":4}}},"7":{"name":"buy","line":83,"loc":{"start":{"line":83,"column":4},"end":{"line":98,"column":4}}},"8":{"name":"withdraw","line":100,"loc":{"start":{"line":100,"column":4},"end":{"line":104,"column":4}}},"9":{"name":"withdrawAll","line":106,"loc":{"start":{"line":106,"column":4},"end":{"line":109,"column":4}}},"10":{"name":"onERC1155Received","line":111,"loc":{"start":{"line":111,"column":4},"end":{"line":119,"column":4}}},"11":{"name":"magicFunction","line":121,"loc":{"start":{"line":121,"column":4},"end":{"line":127,"column":4}}},"12":{"name":"onlyOwner","line":129,"loc":{"start":{"line":129,"column":4},"end":{"line":132,"column":4}}}},"statementMap":{"1":{"start":{"line":27,"column":8},"end":{"line":27,"column":25}},"2":{"start":{"line":31,"column":8},"end":{"line":31,"column":58}},"3":{"start":{"line":31,"column":32},"end":{"line":31,"column":58}},"4":{"start":{"line":32,"column":8},"end":{"line":32,"column":38}},"5":{"start":{"line":33,"column":8},"end":{"line":33,"column":20}},"6":{"start":{"line":36,"column":8},"end":{"line":36,"column":51}},"7":{"start":{"line":36,"column":32},"end":{"line":36,"column":51}},"8":{"start":{"line":37,"column":8},"end":{"line":37,"column":30}},"9":{"start":{"line":38,"column":8},"end":{"line":38,"column":20}},"10":{"start":{"line":42,"column":8},"end":{"line":42,"column":57}},"11":{"start":{"line":43,"column":8},"end":{"line":43,"column":36}},"12":{"start":{"line":44,"column":8},"end":{"line":44,"column":71}},"13":{"start":{"line":45,"column":8},"end":{"line":45,"column":32}},"14":{"start":{"line":46,"column":8},"end":{"line":46,"column":46}},"15":{"start":{"line":51,"column":8},"end":{"line":51,"column":1824}},"16":{"start":{"line":56,"column":10},"end":{"line":56,"column":21}},"17":{"start":{"line":57,"column":8},"end":{"line":57,"column":20}},"18":{"start":{"line":60,"column":8},"end":{"line":60,"column":55}},"19":{"start":{"line":61,"column":8},"end":{"line":61,"column":63}},"20":{"start":{"line":62,"column":8},"end":{"line":62,"column":75}},"21":{"start":{"line":63,"column":8},"end":{"line":63,"column":94}},"22":{"start":{"line":64,"column":8},"end":{"line":64,"column":53}},"23":{"start":{"line":65,"column":8},"end":{"line":65,"column":31}},"24":{"start":{"line":66,"column":8},"end":{"line":66,"column":35}},"25":{"start":{"line":67,"column":8},"end":{"line":67,"column":34}},"26":{"start":{"line":68,"column":8},"end":{"line":68,"column":37}},"27":{"start":{"line":69,"column":8},"end":{"line":69,"column":38}},"28":{"start":{"line":70,"column":8},"end":{"line":70,"column":43}},"29":{"start":{"line":71,"column":8},"end":{"line":71,"column":22}},"30":{"start":{"line":72,"column":8},"end":{"line":72,"column":2868}},"31":{"start":{"line":73,"column":12},"end":{"line":73,"column":2994}},"32":{"start":{"line":74,"column":16},"end":{"line":74,"column":50}},"33":{"start":{"line":75,"column":16},"end":{"line":75,"column":64}},"34":{"start":{"line":76,"column":16},"end":{"line":76,"column":41}},"35":{"start":{"line":80,"column":8},"end":{"line":80,"column":59}},"36":{"start":{"line":81,"column":8},"end":{"line":81,"column":92}},"37":{"start":{"line":84,"column":8},"end":{"line":84,"column":48}},"38":{"start":{"line":85,"column":8},"end":{"line":85,"column":71}},"39":{"start":{"line":86,"column":8},"end":{"line":86,"column":49}},"40":{"start":{"line":87,"column":8},"end":{"line":87,"column":60}},"41":{"start":{"line":88,"column":8},"end":{"line":88,"column":34}},"42":{"start":{"line":89,"column":8},"end":{"line":89,"column":90}},"43":{"start":{"line":90,"column":8},"end":{"line":90,"column":65}},"44":{"start":{"line":91,"column":8},"end":{"line":91,"column":44}},"45":{"start":{"line":92,"column":8},"end":{"line":92,"column":3915}},"46":{"start":{"line":93,"column":12},"end":{"line":93,"column":65}},"47":{"start":{"line":95,"column":8},"end":{"line":95,"column":82}},"48":{"start":{"line":95,"column":29},"end":{"line":95,"column":81}},"49":{"start":{"line":96,"column":8},"end":{"line":96,"column":49}},"50":{"start":{"line":97,"column":8},"end":{"line":97,"column":63}},"51":{"start":{"line":101,"column":8},"end":{"line":101,"column":50}},"52":{"start":{"line":102,"column":8},"end":{"line":102,"column":70}},"53":{"start":{"line":103,"column":8},"end":{"line":103,"column":39}},"54":{"start":{"line":107,"column":8},"end":{"line":107,"column":47}},"55":{"start":{"line":108,"column":8},"end":{"line":108,"column":39}},"56":{"start":{"line":118,"column":8},"end":{"line":118,"column":73}},"57":{"start":{"line":122,"column":8},"end":{"line":122,"column":4972}},"58":{"start":{"line":125,"column":8},"end":{"line":125,"column":32}},"59":{"start":{"line":126,"column":8},"end":{"line":126,"column":35}},"60":{"start":{"line":130,"column":8},"end":{"line":130,"column":52}}},"branchMap":{"1":{"line":31,"type":"if","locations":[{"start":{"line":31,"column":8},"end":{"line":31,"column":8}},{"start":{"line":31,"column":8},"end":{"line":31,"column":8}}]},"2":{"line":36,"type":"if","locations":[{"start":{"line":36,"column":8},"end":{"line":36,"column":8}},{"start":{"line":36,"column":8},"end":{"line":36,"column":8}}]},"3":{"line":42,"type":"if","locations":[{"start":{"line":42,"column":8},"end":{"line":42,"column":8}},{"start":{"line":42,"column":8},"end":{"line":42,"column":8}}]},"4":{"line":44,"type":"if","locations":[{"start":{"line":44,"column":8},"end":{"line":44,"column":8}},{"start":{"line":44,"column":8},"end":{"line":44,"column":8}}]},"5":{"line":51,"type":"if","locations":[{"start":{"line":51,"column":8},"end":{"line":51,"column":8}},{"start":{"line":51,"column":8},"end":{"line":51,"column":8}}]},"6":{"line":60,"type":"if","locations":[{"start":{"line":60,"column":8},"end":{"line":60,"column":8}},{"start":{"line":60,"column":8},"end":{"line":60,"column":8}}]},"7":{"line":61,"type":"if","locations":[{"start":{"line":61,"column":8},"end":{"line":61,"column":8}},{"start":{"line":61,"column":8},"end":{"line":61,"column":8}}]},"8":{"line":62,"type":"if","locations":[{"start":{"line":62,"column":8},"end":{"line":62,"column":8}},{"start":{"line":62,"column":8},"end":{"line":62,"column":8}}]},"9":{"line":64,"type":"if","locations":[{"start":{"line":64,"column":8},"end":{"line":64,"column":8}},{"start":{"line":64,"column":8},"end":{"line":64,"column":8}}]},"10":{"line":73,"type":"if","locations":[{"start":{"line":73,"column":12},"end":{"line":73,"column":12}},{"start":{"line":73,"column":12},"end":{"line":73,"column":12}}]},"11":{"line":80,"type":"if","locations":[{"start":{"line":80,"column":8},"end":{"line":80,"column":8}},{"start":{"line":80,"column":8},"end":{"line":80,"column":8}}]},"12":{"line":84,"type":"if","locations":[{"start":{"line":84,"column":8},"end":{"line":84,"column":8}},{"start":{"line":84,"column":8},"end":{"line":84,"column":8}}]},"13":{"line":85,"type":"if","locations":[{"start":{"line":85,"column":8},"end":{"line":85,"column":8}},{"start":{"line":85,"column":8},"end":{"line":85,"column":8}}]},"14":{"line":87,"type":"if","locations":[{"start":{"line":87,"column":8},"end":{"line":87,"column":8}},{"start":{"line":87,"column":8},"end":{"line":87,"column":8}}]},"15":{"line":95,"type":"if","locations":[{"start":{"line":95,"column":8},"end":{"line":95,"column":8}},{"start":{"line":95,"column":8},"end":{"line":95,"column":8}}]},"16":{"line":101,"type":"if","locations":[{"start":{"line":101,"column":8},"end":{"line":101,"column":8}},{"start":{"line":101,"column":8},"end":{"line":101,"column":8}}]},"17":{"line":102,"type":"if","locations":[{"start":{"line":102,"column":8},"end":{"line":102,"column":8}},{"start":{"line":102,"column":8},"end":{"line":102,"column":8}}]},"18":{"line":126,"type":"if","locations":[{"start":{"line":126,"column":8},"end":{"line":126,"column":8}},{"start":{"line":126,"column":8},"end":{"line":126,"column":8}}]},"19":{"line":130,"type":"if","locations":[{"start":{"line":130,"column":8},"end":{"line":130,"column":8}},{"start":{"line":130,"column":8},"end":{"line":130,"column":8}}]},"20":{"line":135,"type":"if","locations":[{"start":{"line":135,"column":8},"end":{"line":135,"column":8}},{"start":{"line":135,"column":8},"end":{"line":135,"column":8}}]}}}}
