TN:
SF:/Users/sergeyvagapov/Solidity/TestSale/contracts/interfaces/IERC1155Receiver.sol
FNF:0
FNH:0
LF:0
LH:0
BRF:0
BRH:0
end_of_record
TN:
SF:/Users/sergeyvagapov/Solidity/TestSale/contracts/interfaces/RoyaltiesV1.sol
FNF:0
FNH:0
LF:0
LH:0
BRF:0
BRH:0
end_of_record
TN:
SF:/Users/sergeyvagapov/Solidity/TestSale/contracts/mocks/MockERC1155.sol
FN:7,constructor
FNF:1
FNH:1
FNDA:3,constructor
DA:8,3
LF:1
LH:1
BRF:0
BRH:0
end_of_record
TN:
SF:/Users/sergeyvagapov/Solidity/TestSale/contracts/TestSale.sol
FN:26,constructor
FN:30,getFeeRecipients
FN:35,getFeeBps
FN:41,setItemPrice
FN:50,isActive
FN:59,startSale
FN:83,buy
FN:100,withdraw
FN:106,withdrawAll
FN:111,onERC1155Received
FN:121,magicFunction
FN:129,onlyOwner
FNF:12
FNH:7
FNDA:3,constructor
FNDA:0,getFeeRecipients
FNDA:0,getFeeBps
FNDA:1,setItemPrice
FNDA:2,isActive
FNDA:1,startSale
FNDA:0,buy
FNDA:0,withdraw
FNDA:0,withdrawAll
FNDA:3,onERC1155Received
FNDA:1,magicFunction
FNDA:2,onlyOwner
DA:27,3
DA:31,0
DA:32,0
DA:33,0
DA:36,0
DA:37,0
DA:38,0
DA:42,1
DA:43,1
DA:44,1
DA:45,1
DA:46,1
DA:51,2
DA:57,1
DA:60,1
DA:61,1
DA:62,1
DA:63,1
DA:64,1
DA:65,1
DA:66,1
DA:67,1
DA:68,1
DA:69,1
DA:70,1
DA:71,1
DA:72,1
DA:73,3
DA:74,3
DA:75,3
DA:76,3
DA:80,1
DA:81,1
DA:84,0
DA:85,0
DA:86,0
DA:87,0
DA:88,0
DA:89,0
DA:90,0
DA:91,0
DA:92,0
DA:93,0
DA:95,0
DA:96,0
DA:97,0
DA:101,0
DA:102,0
DA:103,0
DA:107,0
DA:108,0
DA:118,3
DA:122,1
DA:125,1
DA:126,1
DA:130,2
DA:131,2
DA:134,0
DA:135,0
DA:136,0
LF:60
LH:33
BRDA:31,1,0,0
BRDA:31,1,1,0
BRDA:36,2,0,0
BRDA:36,2,1,0
BRDA:42,3,0,1
BRDA:42,3,1,0
BRDA:44,4,0,1
BRDA:44,4,1,0
BRDA:51,5,0,1
BRDA:51,5,1,1
BRDA:60,6,0,1
BRDA:60,6,1,0
BRDA:61,7,0,1
BRDA:61,7,1,0
BRDA:62,8,0,1
BRDA:62,8,1,0
BRDA:64,9,0,1
BRDA:64,9,1,0
BRDA:73,10,0,3
BRDA:73,10,1,0
BRDA:80,11,0,1
BRDA:80,11,1,0
BRDA:84,12,0,0
BRDA:84,12,1,0
BRDA:85,13,0,0
BRDA:85,13,1,0
BRDA:87,14,0,0
BRDA:87,14,1,0
BRDA:95,15,0,0
BRDA:95,15,1,0
BRDA:101,16,0,0
BRDA:101,16,1,0
BRDA:102,17,0,0
BRDA:102,17,1,0
BRDA:126,18,0,1
BRDA:126,18,1,0
BRDA:130,19,0,2
BRDA:130,19,1,0
BRDA:135,20,0,0
BRDA:135,20,1,0
BRF:40
BRH:12
end_of_record
